<?xml version="1.0" encoding="UTF-8"?>
<testng-results skipped="0" failed="1" ignored="0" total="2" passed="1">
  <reporter-output>
  </reporter-output>
  <suite name="Suite" duration-ms="37555" started-at="2020-10-08T10:53:36 BDT" finished-at="2020-10-08T10:54:14 BDT">
    <groups>
    </groups>
    <test name="PayStatementTest" duration-ms="20968" started-at="2020-10-08T10:53:36 BDT" finished-at="2020-10-08T10:53:57 BDT">
      <class name="com.payse.tcase.TC_Statement_001">
        <test-method status="PASS" signature="setup(java.lang.String)[pri:0, instance:com.payse.tcase.TC_Statement_001@12f41634]" name="setup" is-config="true" duration-ms="5107" started-at="2020-10-08T10:53:36 BDT" finished-at="2020-10-08T10:53:41 BDT">
          <params>
            <param index="0">
              <value>
                <![CDATA[firefox]]>
              </value>
            </param>
          </params>
          <reporter-output>
          </reporter-output>
        </test-method> <!-- setup -->
        <test-method status="FAIL" signature="PyBankStatement()[pri:0, instance:com.payse.tcase.TC_Statement_001@12f41634]" name="PyBankStatement" duration-ms="11404" started-at="2020-10-08T10:53:41 BDT" finished-at="2020-10-08T10:53:53 BDT">
          <exception class="org.openqa.selenium.NoSuchElementException">
            <message>
              <![CDATA[Unable to locate element: //*[@id="account_id"]
For documentation on this error, please visit: https://selenium.dev/exceptions/#no_such_element
Build info: version: '4.0.0-alpha-4', revision: 'c2d955b49e'
System info: host: 'MUNTASIR-BOCTC1', ip: '192.168.100.11', os.name: 'Windows 10', os.arch: 'amd64', os.version: '10.0', java.version: '1.8.0_201'
Driver info: org.openqa.selenium.firefox.FirefoxDriver
Capabilities {acceptInsecureCerts: true, browserName: firefox, browserVersion: 81.0.1, javascriptEnabled: true, moz:accessibilityChecks: false, moz:buildID: 20200930150533, moz:geckodriverVersion: 0.27.0, moz:headless: false, moz:processID: 17812, moz:profile: C:\Users\munta\AppData\Loca..., moz:shutdownTimeout: 60000, moz:useNonSpecCompliantPointerOrigin: false, moz:webdriverClick: true, pageLoadStrategy: normal, platform: WINDOWS, platformName: WINDOWS, platformVersion: 10.0, rotatable: false, setWindowRect: true, strictFileInteractability: false, timeouts: {implicit: 0, pageLoad: 300000, script: 30000}, unhandledPromptBehavior: dismiss and notify}
Session ID: 0b3b4b35-7fb3-4742-9a67-3a93fb36358d
*** Element info: {Using=xpath, value=//*[@id="account_id"]}]]>
            </message>
            <full-stacktrace>
              <![CDATA[org.openqa.selenium.NoSuchElementException: Unable to locate element: //*[@id="account_id"]
For documentation on this error, please visit: https://selenium.dev/exceptions/#no_such_element
Build info: version: '4.0.0-alpha-4', revision: 'c2d955b49e'
System info: host: 'MUNTASIR-BOCTC1', ip: '192.168.100.11', os.name: 'Windows 10', os.arch: 'amd64', os.version: '10.0', java.version: '1.8.0_201'
Driver info: org.openqa.selenium.firefox.FirefoxDriver
Capabilities {acceptInsecureCerts: true, browserName: firefox, browserVersion: 81.0.1, javascriptEnabled: true, moz:accessibilityChecks: false, moz:buildID: 20200930150533, moz:geckodriverVersion: 0.27.0, moz:headless: false, moz:processID: 17812, moz:profile: C:\Users\munta\AppData\Loca..., moz:shutdownTimeout: 60000, moz:useNonSpecCompliantPointerOrigin: false, moz:webdriverClick: true, pageLoadStrategy: normal, platform: WINDOWS, platformName: WINDOWS, platformVersion: 10.0, rotatable: false, setWindowRect: true, strictFileInteractability: false, timeouts: {implicit: 0, pageLoad: 300000, script: 30000}, unhandledPromptBehavior: dismiss and notify}
Session ID: 0b3b4b35-7fb3-4742-9a67-3a93fb36358d
*** Element info: {Using=xpath, value=//*[@id="account_id"]}
at sun.reflect.NativeConstructorAccessorImpl.newInstance0(Native Method)
at sun.reflect.NativeConstructorAccessorImpl.newInstance(NativeConstructorAccessorImpl.java:62)
at sun.reflect.DelegatingConstructorAccessorImpl.newInstance(DelegatingConstructorAccessorImpl.java:45)
at java.lang.reflect.Constructor.newInstance(Constructor.java:423)
at org.openqa.selenium.remote.codec.w3c.W3CHttpResponseCodec.createException(W3CHttpResponseCodec.java:196)
at org.openqa.selenium.remote.codec.w3c.W3CHttpResponseCodec.decode(W3CHttpResponseCodec.java:129)
at org.openqa.selenium.remote.codec.w3c.W3CHttpResponseCodec.decode(W3CHttpResponseCodec.java:53)
at org.openqa.selenium.remote.HttpCommandExecutor.execute(HttpCommandExecutor.java:161)
at org.openqa.selenium.remote.service.DriverCommandExecutor.execute(DriverCommandExecutor.java:83)
at org.openqa.selenium.remote.RemoteWebDriver.execute(RemoteWebDriver.java:582)
at org.openqa.selenium.remote.RemoteWebDriver.findElement(RemoteWebDriver.java:333)
at org.openqa.selenium.remote.RemoteWebDriver.findElementByXPath(RemoteWebDriver.java:451)
at org.openqa.selenium.By$ByXPath.findElement(By.java:394)
at org.openqa.selenium.remote.RemoteWebDriver.findElement(RemoteWebDriver.java:325)
at com.payse.tcase.TC_Statement_001.PyBankStatement(TC_Statement_001.java:43)
at sun.reflect.NativeMethodAccessorImpl.invoke0(Native Method)
at sun.reflect.NativeMethodAccessorImpl.invoke(NativeMethodAccessorImpl.java:62)
at sun.reflect.DelegatingMethodAccessorImpl.invoke(DelegatingMethodAccessorImpl.java:43)
at java.lang.reflect.Method.invoke(Method.java:498)
at org.testng.internal.MethodInvocationHelper.invokeMethod(MethodInvocationHelper.java:132)
at org.testng.internal.TestInvoker.invokeMethod(TestInvoker.java:599)
at org.testng.internal.TestInvoker.invokeTestMethod(TestInvoker.java:174)
at org.testng.internal.MethodRunner.runInSequence(MethodRunner.java:46)
at org.testng.internal.TestInvoker$MethodInvocationAgent.invoke(TestInvoker.java:822)
at org.testng.internal.TestInvoker.invokeTestMethods(TestInvoker.java:147)
at org.testng.internal.TestMethodWorker.invokeTestMethods(TestMethodWorker.java:146)
at org.testng.internal.TestMethodWorker.run(TestMethodWorker.java:128)
at java.util.concurrent.ThreadPoolExecutor.runWorker(ThreadPoolExecutor.java:1149)
at java.util.concurrent.ThreadPoolExecutor$Worker.run(ThreadPoolExecutor.java:624)
at java.lang.Thread.run(Thread.java:748)
]]>
            </full-stacktrace>
          </exception> <!-- org.openqa.selenium.NoSuchElementException -->
          <reporter-output>
          </reporter-output>
        </test-method> <!-- PyBankStatement -->
        <test-method status="PASS" signature="teardown()[pri:0, instance:com.payse.tcase.TC_Statement_001@12f41634]" name="teardown" is-config="true" duration-ms="4310" started-at="2020-10-08T10:53:53 BDT" finished-at="2020-10-08T10:53:57 BDT">
          <reporter-output>
          </reporter-output>
        </test-method> <!-- teardown -->
      </class> <!-- com.payse.tcase.TC_Statement_001 -->
    </test> <!-- PayStatementTest -->
    <test name="PayStatementTest2" duration-ms="16386" started-at="2020-10-08T10:53:57 BDT" finished-at="2020-10-08T10:54:14 BDT">
      <class name="com.payse.tcase.TC_Statement_002">
        <test-method status="PASS" signature="setup(java.lang.String)[pri:0, instance:com.payse.tcase.TC_Statement_002@33723e30]" name="setup" is-config="true" duration-ms="5759" started-at="2020-10-08T10:53:57 BDT" finished-at="2020-10-08T10:54:03 BDT">
          <params>
            <param index="0">
              <value>
                <![CDATA[chrome]]>
              </value>
            </param>
          </params>
          <reporter-output>
          </reporter-output>
        </test-method> <!-- setup -->
        <test-method status="PASS" signature="PyBankStatement()[pri:0, instance:com.payse.tcase.TC_Statement_002@33723e30]" name="PyBankStatement" duration-ms="6890" started-at="2020-10-08T10:54:03 BDT" finished-at="2020-10-08T10:54:10 BDT">
          <reporter-output>
          </reporter-output>
        </test-method> <!-- PyBankStatement -->
        <test-method status="PASS" signature="teardown()[pri:0, instance:com.payse.tcase.TC_Statement_002@33723e30]" name="teardown" is-config="true" duration-ms="3722" started-at="2020-10-08T10:54:10 BDT" finished-at="2020-10-08T10:54:14 BDT">
          <reporter-output>
          </reporter-output>
        </test-method> <!-- teardown -->
      </class> <!-- com.payse.tcase.TC_Statement_002 -->
    </test> <!-- PayStatementTest2 -->
  </suite> <!-- Suite -->
</testng-results>
